0 info it worked if it ends with ok
1 verbose cli [ 'node',
1 verbose cli   '/opt/boxen/nodenv/versions/v0.10.26/bin/npm',
1 verbose cli   'install',
1 verbose cli   'grunt-jshint' ]
2 info using npm@2.0.0
3 info using node@v0.10.26
4 verbose readDependencies using package.json deps
5 verbose cache add [ 'grunt-jshint', null ]
6 verbose cache add spec="grunt-jshint" args=["grunt-jshint",null]
7 verbose parsed spec { raw: 'grunt-jshint',
7 verbose parsed spec   scope: null,
7 verbose parsed spec   name: 'grunt-jshint',
7 verbose parsed spec   rawSpec: '',
7 verbose parsed spec   spec: '*',
7 verbose parsed spec   type: 'range' }
8 verbose parsed spec { raw: 'grunt-jshint',
8 verbose parsed spec   scope: null,
8 verbose parsed spec   name: 'grunt-jshint',
8 verbose parsed spec   rawSpec: '',
8 verbose parsed spec   spec: '*',
8 verbose parsed spec   type: 'range' }
9 verbose addNamed [ 'grunt-jshint', '*' ]
10 verbose addNamed [ null, '*' ]
11 silly lockFile 6184391c-grunt-jshint grunt-jshint@*
12 verbose lock grunt-jshint@* /Users/Marcelino/.npm/6184391c-grunt-jshint.lock
13 silly addNameRange { name: 'grunt-jshint', range: '*', hasData: false }
14 verbose mapToRegistry name grunt-jshint
15 verbose mapToRegistry uri https://registry.npmjs.org/grunt-jshint
16 verbose request on initialization, where is /grunt-jshint
17 verbose request after pass 1, where is /grunt-jshint
18 verbose request url raw /grunt-jshint
19 verbose request resolving registry [ 'https://registry.npmjs.org/', './grunt-jshint' ]
20 verbose request after pass 2, where is https://registry.npmjs.org/grunt-jshint
21 verbose request no auth needed
22 info attempt registry request try #1 at 15:19:44
23 verbose request id 2fa955482e4c4096
24 http request GET https://registry.npmjs.org/grunt-jshint
25 http 404 https://registry.npmjs.org/grunt-jshint
26 verbose headers { date: 'Thu, 25 Sep 2014 18:19:45 GMT',
26 verbose headers   server: 'CouchDB/1.5.0 (Erlang OTP/R16B03)',
26 verbose headers   'content-type': 'application/json',
26 verbose headers   'cache-control': 'max-age=0',
26 verbose headers   'content-length': '52',
26 verbose headers   'accept-ranges': 'bytes',
26 verbose headers   via: '1.1 varnish',
26 verbose headers   age: '0',
26 verbose headers   'x-served-by': 'cache-atl6227-ATL',
26 verbose headers   'x-cache': 'MISS',
26 verbose headers   'x-cache-hits': '0',
26 verbose headers   'x-timer': 'S1411669184.948107,VS0,VE118',
26 verbose headers   'keep-alive': 'timeout=10, max=50',
26 verbose headers   connection: 'Keep-Alive' }
27 silly registry.get cb [ 404,
27 silly registry.get   { date: 'Thu, 25 Sep 2014 18:19:45 GMT',
27 silly registry.get     server: 'CouchDB/1.5.0 (Erlang OTP/R16B03)',
27 silly registry.get     'content-type': 'application/json',
27 silly registry.get     'cache-control': 'max-age=0',
27 silly registry.get     'content-length': '52',
27 silly registry.get     'accept-ranges': 'bytes',
27 silly registry.get     via: '1.1 varnish',
27 silly registry.get     age: '0',
27 silly registry.get     'x-served-by': 'cache-atl6227-ATL',
27 silly registry.get     'x-cache': 'MISS',
27 silly registry.get     'x-cache-hits': '0',
27 silly registry.get     'x-timer': 'S1411669184.948107,VS0,VE118',
27 silly registry.get     'keep-alive': 'timeout=10, max=50',
27 silly registry.get     connection: 'Keep-Alive' } ]
28 silly lockFile 6184391c-grunt-jshint grunt-jshint@*
29 silly lockFile 6184391c-grunt-jshint grunt-jshint@*
30 verbose stack Error: 404 Not Found: grunt-jshint
30 verbose stack     at RegClient.<anonymous> (/opt/boxen/nodenv/versions/v0.10.26/lib/node_modules/npm/node_modules/npm-registry-client/lib/request.js:259:14)
30 verbose stack     at Request._callback (/opt/boxen/nodenv/versions/v0.10.26/lib/node_modules/npm/node_modules/npm-registry-client/lib/request.js:198:65)
30 verbose stack     at Request.self.callback (/opt/boxen/nodenv/versions/v0.10.26/lib/node_modules/npm/node_modules/request/request.js:236:22)
30 verbose stack     at Request.EventEmitter.emit (events.js:98:17)
30 verbose stack     at Request.<anonymous> (/opt/boxen/nodenv/versions/v0.10.26/lib/node_modules/npm/node_modules/request/request.js:1142:14)
30 verbose stack     at Request.EventEmitter.emit (events.js:117:20)
30 verbose stack     at IncomingMessage.<anonymous> (/opt/boxen/nodenv/versions/v0.10.26/lib/node_modules/npm/node_modules/request/request.js:1096:12)
30 verbose stack     at IncomingMessage.EventEmitter.emit (events.js:117:20)
30 verbose stack     at _stream_readable.js:920:16
30 verbose stack     at process._tickCallback (node.js:415:13)
31 verbose statusCode 404
32 verbose pkgid grunt-jshint
33 verbose cwd /Users/Marcelino/src/rdstation-js-integration
34 error Darwin 13.1.0
35 error argv "node" "/opt/boxen/nodenv/versions/v0.10.26/bin/npm" "install" "grunt-jshint"
36 error node v0.10.26
37 error npm  v2.0.0
38 error code E404
39 error 404 Not Found: grunt-jshint
39 error 404
39 error 404 'grunt-jshint' is not in the npm registry.
39 error 404 You should bug the author to publish it (or use the name yourself!)
39 error 404 It was specified as a dependency of 'rd-js-integration'
39 error 404
39 error 404 Note that you can also install from a
39 error 404 tarball, folder, http url, or git url.
40 verbose exit [ 1, true ]
